app/build/intermediates/manifest_merge_blame_file/debug/manifest-merger-blame-debug-report.txt
1<?xml version="1.0" encoding="utf-8"?>
2<manifest xmlns:android="http://schemas.android.com/apk/res/android"
3    package="com.example.widget"
4    android:versionCode="1"
5    android:versionName="1.0" >
6
7    <uses-sdk
8        android:minSdkVersion="23"
8-->src\main\AndroidManifest.xml
9        android:targetSdkVersion="30" />
9-->src\main\AndroidManifest.xml
10
11    <uses-permission android:name="android.permission.CAMERA" />
11-->src\main\AndroidManifest.xml:5:5-65
11-->src\main\AndroidManifest.xml:5:22-62
12    <uses-permission android:name="android.permission.FLASHLIGHT" />
12-->src\main\AndroidManifest.xml:6:5-69
12-->src\main\AndroidManifest.xml:6:22-66
13
14    <application
14-->src\main\AndroidManifest.xml:8:5-41:19
15        android:allowBackup="true"
15-->src\main\AndroidManifest.xml:9:9-35
16        android:appComponentFactory="androidx.core.app.CoreComponentFactory"
16-->[androidx.core:core:1.3.2] AndroidManifest.xml:24:18-86
17        android:debuggable="true"
18        android:extractNativeLibs="false"
19        android:icon="@mipmap/ic_launcher"
19-->src\main\AndroidManifest.xml:10:9-43
20        android:label="@string/app_name"
20-->src\main\AndroidManifest.xml:11:9-41
21        android:roundIcon="@mipmap/ic_launcher_round"
21-->src\main\AndroidManifest.xml:12:9-54
22        android:supportsRtl="true"
22-->src\main\AndroidManifest.xml:13:9-35
23        android:testOnly="true"
24        android:theme="@style/Theme.Widget" >
24-->src\main\AndroidManifest.xml:14:9-44
25        <receiver android:name="com.example.widget.ToastWidget" >
25-->src\main\AndroidManifest.xml:15:9-23:20
25-->src\main\AndroidManifest.xml:15:19-46
26            <intent-filter>
26-->src\main\AndroidManifest.xml:16:13-18:29
27                <action android:name="android.appwidget.action.APPWIDGET_UPDATE" />
27-->src\main\AndroidManifest.xml:17:17-84
27-->src\main\AndroidManifest.xml:17:25-81
28            </intent-filter>
29
30            <meta-data
30-->src\main\AndroidManifest.xml:20:13-22:61
31                android:name="android.appwidget.provider"
31-->src\main\AndroidManifest.xml:21:17-58
32                android:resource="@xml/toast_widget_info" />
32-->src\main\AndroidManifest.xml:22:17-58
33        </receiver>
34        <receiver android:name="com.example.widget.CameraWidget" >
34-->src\main\AndroidManifest.xml:24:9-32:20
34-->src\main\AndroidManifest.xml:24:19-47
35            <intent-filter>
35-->src\main\AndroidManifest.xml:16:13-18:29
36                <action android:name="android.appwidget.action.APPWIDGET_UPDATE" />
36-->src\main\AndroidManifest.xml:17:17-84
36-->src\main\AndroidManifest.xml:17:25-81
37            </intent-filter>
38
39            <meta-data
39-->src\main\AndroidManifest.xml:20:13-22:61
40                android:name="android.appwidget.provider"
40-->src\main\AndroidManifest.xml:21:17-58
41                android:resource="@xml/camera_widget_info" />
41-->src\main\AndroidManifest.xml:22:17-58
42        </receiver>
43
44        <activity android:name="com.example.widget.MainActivity" >
44-->src\main\AndroidManifest.xml:34:9-40:20
44-->src\main\AndroidManifest.xml:34:19-47
45            <intent-filter>
45-->src\main\AndroidManifest.xml:35:13-39:29
46                <action android:name="android.intent.action.MAIN" />
46-->src\main\AndroidManifest.xml:36:17-69
46-->src\main\AndroidManifest.xml:36:25-66
47
48                <category android:name="android.intent.category.LAUNCHER" />
48-->src\main\AndroidManifest.xml:38:17-77
48-->src\main\AndroidManifest.xml:38:27-74
49            </intent-filter>
50        </activity>
51    </application>
52
53</manifest>